2
=======================1
Proof generation costs 0.346011 seconds
proof verifies
Proof verification costs 2.508420 seconds
=======================2
Proof generation costs 0.347876 seconds
proof verifies
Proof verification costs 2.508015 seconds
=======================3
Proof generation costs 0.348273 seconds
proof verifies
Proof verification costs 2.536367 seconds
=======================4
Proof generation costs 0.349555 seconds
proof verifies
Proof verification costs 2.515376 seconds
=======================5
Proof generation costs 0.347757 seconds
proof verifies
Proof verification costs 2.510307 seconds
=======================6
Proof generation costs 0.347616 seconds
proof verifies
Proof verification costs 2.507647 seconds
=======================7
Proof generation costs 0.347313 seconds
proof verifies
Proof verification costs 2.510399 seconds
=======================8
Proof generation costs 0.346496 seconds
proof verifies
Proof verification costs 2.509999 seconds
=======================9
Proof generation costs 0.347202 seconds
proof verifies
Proof verification costs 2.503893 seconds
=======================10
Proof generation costs 0.346410 seconds
proof verifies
Proof verification costs 2.514888 seconds
3
=======================1
Proof generation costs 0.349261 seconds
proof verifies
Proof verification costs 3.595217 seconds
=======================2
Proof generation costs 0.348441 seconds
proof verifies
Proof verification costs 3.599083 seconds
=======================3
Proof generation costs 0.356177 seconds
proof verifies
Proof verification costs 3.602062 seconds
=======================4
Proof generation costs 0.353394 seconds
proof verifies
Proof verification costs 3.633698 seconds
=======================5
Proof generation costs 0.348589 seconds
proof verifies
Proof verification costs 3.589547 seconds
=======================6
Proof generation costs 0.349331 seconds
proof verifies
Proof verification costs 3.584575 seconds
=======================7
Proof generation costs 0.349983 seconds
proof verifies
Proof verification costs 3.583816 seconds
=======================8
Proof generation costs 0.348161 seconds
proof verifies
Proof verification costs 3.587578 seconds
=======================9
Proof generation costs 0.353394 seconds
proof verifies
Proof verification costs 3.615462 seconds
=======================10
Proof generation costs 0.348440 seconds
proof verifies
Proof verification costs 3.583708 seconds
4
=======================1
Proof generation costs 0.356047 seconds
proof verifies
Proof verification costs 4.702500 seconds
=======================2
Proof generation costs 0.359890 seconds
proof verifies
Proof verification costs 4.675536 seconds
=======================3
Proof generation costs 0.352517 seconds
proof verifies
Proof verification costs 4.725498 seconds
=======================4
Proof generation costs 0.354235 seconds
proof verifies
Proof verification costs 4.680427 seconds
=======================5
Proof generation costs 0.351967 seconds
proof verifies
Proof verification costs 4.686036 seconds
=======================6
Proof generation costs 0.353776 seconds
proof verifies
Proof verification costs 4.682560 seconds
=======================7
Proof generation costs 0.352929 seconds
proof verifies
Proof verification costs 4.698948 seconds
=======================8
Proof generation costs 0.350665 seconds
proof verifies
Proof verification costs 4.695683 seconds
=======================9
Proof generation costs 0.353336 seconds
proof verifies
Proof verification costs 4.659358 seconds
=======================10
Proof generation costs 0.352109 seconds
proof verifies
Proof verification costs 4.671059 seconds
5
=======================1
Proof generation costs 0.354684 seconds
proof verifies
Proof verification costs 5.799805 seconds
=======================2
Proof generation costs 0.361900 seconds
proof verifies
Proof verification costs 5.770669 seconds
=======================3
Proof generation costs 0.354202 seconds
proof verifies
Proof verification costs 5.769464 seconds
=======================4
Proof generation costs 0.355969 seconds
proof verifies
Proof verification costs 5.752555 seconds
=======================5
Proof generation costs 0.357102 seconds
proof verifies
Proof verification costs 5.745142 seconds
=======================6
Proof generation costs 0.359613 seconds
proof verifies
Proof verification costs 5.866728 seconds
=======================7
Proof generation costs 0.355802 seconds
proof verifies
Proof verification costs 5.761766 seconds
=======================8
Proof generation costs 0.355054 seconds
proof verifies
Proof verification costs 5.751537 seconds
=======================9
Proof generation costs 0.359452 seconds
proof verifies
Proof verification costs 5.765521 seconds
=======================10
Proof generation costs 0.356887 seconds
proof verifies
Proof verification costs 5.751099 seconds
6
=======================1
Proof generation costs 0.362821 seconds
proof verifies
Proof verification costs 6.839466 seconds
=======================2
Proof generation costs 0.356408 seconds
proof verifies
Proof verification costs 6.860419 seconds
=======================3
Proof generation costs 0.358339 seconds
proof verifies
Proof verification costs 6.863408 seconds
=======================4
Proof generation costs 0.358604 seconds
proof verifies
Proof verification costs 6.863680 seconds
=======================5
Proof generation costs 0.358988 seconds
proof verifies
Proof verification costs 6.852352 seconds
=======================6
Proof generation costs 0.359640 seconds
proof verifies
Proof verification costs 6.859988 seconds
=======================7
Proof generation costs 0.357498 seconds
proof verifies
Proof verification costs 6.866712 seconds
=======================8
Proof generation costs 0.360294 seconds
proof verifies
Proof verification costs 6.859324 seconds
=======================9
Proof generation costs 0.358400 seconds
proof verifies
Proof verification costs 6.830785 seconds
=======================10
Proof generation costs 0.359763 seconds
proof verifies
Proof verification costs 6.816634 seconds
7
=======================1
Proof generation costs 0.358851 seconds
proof verifies
Proof verification costs 7.914035 seconds
=======================2
Proof generation costs 0.362609 seconds
proof verifies
Proof verification costs 7.917658 seconds
=======================3
Proof generation costs 0.362792 seconds
proof verifies
Proof verification costs 7.966831 seconds
=======================4
Proof generation costs 0.362498 seconds
proof verifies
Proof verification costs 7.945413 seconds
=======================5
Proof generation costs 0.362488 seconds
proof verifies
Proof verification costs 7.938194 seconds
=======================6
Proof generation costs 0.361140 seconds
proof verifies
Proof verification costs 7.953992 seconds
=======================7
Proof generation costs 0.359787 seconds
proof verifies
Proof verification costs 7.910334 seconds
=======================8
Proof generation costs 0.359756 seconds
proof verifies
Proof verification costs 7.920907 seconds
=======================9
Proof generation costs 0.362413 seconds
proof verifies
Proof verification costs 7.922219 seconds
=======================10
Proof generation costs 0.360483 seconds
proof verifies
Proof verification costs 7.960522 seconds
8
=======================1
Proof generation costs 0.361237 seconds
proof verifies
Proof verification costs 9.010774 seconds
=======================2
Proof generation costs 0.361339 seconds
proof verifies
Proof verification costs 8.975064 seconds
=======================3
Proof generation costs 0.363585 seconds
proof verifies
Proof verification costs 9.011485 seconds
=======================4
Proof generation costs 0.363216 seconds
proof verifies
Proof verification costs 9.061408 seconds
=======================5
Proof generation costs 0.361453 seconds
proof verifies
Proof verification costs 9.006842 seconds
=======================6
Proof generation costs 0.368453 seconds
proof verifies
Proof verification costs 8.989264 seconds
=======================7
Proof generation costs 0.361757 seconds
proof verifies
Proof verification costs 8.978202 seconds
=======================8
Proof generation costs 0.363755 seconds
proof verifies
Proof verification costs 9.003571 seconds
=======================9
Proof generation costs 0.362571 seconds
proof verifies
Proof verification costs 8.985686 seconds
=======================10
Proof generation costs 0.365398 seconds
proof verifies
Proof verification costs 8.999216 seconds
