2
Tag generation costs 29.033146 seconds
Proof generation costs 0.244330 seconds
proof verifies
Proof verification costs 1.740028 seconds
Tag generation costs 29.066238 seconds
Proof generation costs 0.242879 seconds
proof verifies
Proof verification costs 1.718495 seconds
Tag generation costs 29.023244 seconds
Proof generation costs 0.243306 seconds
proof verifies
Proof verification costs 1.769487 seconds
Tag generation costs 29.004152 seconds
Proof generation costs 0.236480 seconds
proof verifies
Proof verification costs 1.728865 seconds
Tag generation costs 28.976247 seconds
Proof generation costs 0.254327 seconds
proof verifies
Proof verification costs 1.727573 seconds
Tag generation costs 29.117868 seconds
Proof generation costs 0.239098 seconds
proof verifies
Proof verification costs 1.720204 seconds
Tag generation costs 29.104537 seconds
Proof generation costs 0.241000 seconds
proof verifies
Proof verification costs 1.692270 seconds
Tag generation costs 28.892345 seconds
Proof generation costs 0.235871 seconds
proof verifies
Proof verification costs 1.704628 seconds
Tag generation costs 28.955743 seconds
Proof generation costs 0.235576 seconds
proof verifies
Proof verification costs 1.709545 seconds
Tag generation costs 29.119911 seconds
Proof generation costs 0.241012 seconds
proof verifies
Proof verification costs 1.718806 seconds
3
Tag generation costs 43.368991 seconds
Proof generation costs 0.245395 seconds
proof verifies
Proof verification costs 2.448000 seconds
Tag generation costs 43.323622 seconds
Proof generation costs 0.240822 seconds
proof verifies
Proof verification costs 2.425140 seconds
Tag generation costs 43.674168 seconds
Proof generation costs 0.264490 seconds
proof verifies
Proof verification costs 2.480600 seconds
Tag generation costs 43.614664 seconds
Proof generation costs 0.251377 seconds
proof verifies
Proof verification costs 2.477897 seconds
Tag generation costs 43.203324 seconds
Proof generation costs 0.244659 seconds
proof verifies
Proof verification costs 2.476002 seconds
Tag generation costs 43.234179 seconds
Proof generation costs 0.242906 seconds
proof verifies
Proof verification costs 2.445237 seconds
Tag generation costs 43.449156 seconds
Proof generation costs 0.264441 seconds
proof verifies
Proof verification costs 2.488823 seconds
Tag generation costs 43.378408 seconds
Proof generation costs 0.270267 seconds
proof verifies
Proof verification costs 2.492475 seconds
Tag generation costs 43.318566 seconds
Proof generation costs 0.243268 seconds
proof verifies
Proof verification costs 2.467234 seconds
Tag generation costs 43.497966 seconds
Proof generation costs 0.240467 seconds
proof verifies
Proof verification costs 2.442069 seconds
4
Tag generation costs 57.810224 seconds
Proof generation costs 0.244812 seconds
proof verifies
Proof verification costs 3.167370 seconds
Tag generation costs 57.514142 seconds
Proof generation costs 0.253179 seconds
proof verifies
Proof verification costs 3.228627 seconds
Tag generation costs 57.851849 seconds
Proof generation costs 0.271033 seconds
proof verifies
Proof verification costs 3.202222 seconds
Tag generation costs 57.793612 seconds
Proof generation costs 0.241608 seconds
proof verifies
Proof verification costs 3.214906 seconds
Tag generation costs 57.937772 seconds
Proof generation costs 0.253220 seconds
proof verifies
Proof verification costs 3.195026 seconds
Tag generation costs 58.073092 seconds
Proof generation costs 0.248022 seconds
proof verifies
Proof verification costs 3.212667 seconds
Tag generation costs 58.045427 seconds
Proof generation costs 0.273297 seconds
proof verifies
Proof verification costs 3.249637 seconds
Tag generation costs 57.886046 seconds
Proof generation costs 0.250694 seconds
proof verifies
Proof verification costs 3.188541 seconds
Tag generation costs 58.021408 seconds
Proof generation costs 0.271920 seconds
proof verifies
Proof verification costs 3.248497 seconds
Tag generation costs 57.964789 seconds
Proof generation costs 0.257486 seconds
proof verifies
Proof verification costs 3.190887 seconds
5
Tag generation costs 72.946210 seconds
Proof generation costs 0.286761 seconds
proof verifies
Proof verification costs 4.017709 seconds
Tag generation costs 71.960401 seconds
Proof generation costs 0.278858 seconds
proof verifies
Proof verification costs 3.977929 seconds
Tag generation costs 71.777202 seconds
Proof generation costs 0.267974 seconds
proof verifies
Proof verification costs 3.940511 seconds
Tag generation costs 72.107178 seconds
Proof generation costs 0.254985 seconds
proof verifies
Proof verification costs 3.961149 seconds
Tag generation costs 72.286424 seconds
Proof generation costs 0.247810 seconds
proof verifies
Proof verification costs 3.907278 seconds
Tag generation costs 72.263276 seconds
Proof generation costs 0.245702 seconds
proof verifies
Proof verification costs 3.915406 seconds
Tag generation costs 72.547700 seconds
Proof generation costs 0.243158 seconds
proof verifies
Proof verification costs 3.903421 seconds
Tag generation costs 71.604132 seconds
Proof generation costs 0.249233 seconds
proof verifies
Proof verification costs 3.873529 seconds
Tag generation costs 72.099903 seconds
Proof generation costs 0.279183 seconds
proof verifies
Proof verification costs 3.923470 seconds
Tag generation costs 72.031320 seconds
Proof generation costs 0.246736 seconds
proof verifies
Proof verification costs 3.892764 seconds
6
Tag generation costs 86.552557 seconds
Proof generation costs 0.238865 seconds
proof verifies
Proof verification costs 4.573630 seconds
Tag generation costs 86.502406 seconds
Proof generation costs 0.244427 seconds
proof verifies
Proof verification costs 4.569571 seconds
Tag generation costs 86.377857 seconds
Proof generation costs 0.245650 seconds
proof verifies
Proof verification costs 4.578487 seconds
Tag generation costs 86.545615 seconds
Proof generation costs 0.239219 seconds
proof verifies
Proof verification costs 4.552941 seconds
Tag generation costs 86.474997 seconds
Proof generation costs 0.246522 seconds
proof verifies
Proof verification costs 4.582300 seconds
Tag generation costs 86.076609 seconds
Proof generation costs 0.243872 seconds
proof verifies
Proof verification costs 4.558784 seconds
Tag generation costs 86.829973 seconds
Proof generation costs 0.239662 seconds
proof verifies
Proof verification costs 4.553454 seconds
Tag generation costs 86.597474 seconds
Proof generation costs 0.243891 seconds
proof verifies
Proof verification costs 4.587853 seconds
Tag generation costs 86.499844 seconds
Proof generation costs 0.244580 seconds
proof verifies
Proof verification costs 4.580241 seconds
Tag generation costs 86.899370 seconds
Proof generation costs 0.244929 seconds
proof verifies
Proof verification costs 4.589040 seconds
7
Tag generation costs 101.323793 seconds
Proof generation costs 0.244366 seconds
proof verifies
Proof verification costs 5.297654 seconds
Tag generation costs 101.427801 seconds
Proof generation costs 0.250161 seconds
proof verifies
Proof verification costs 5.310203 seconds
Tag generation costs 100.944623 seconds
Proof generation costs 0.242330 seconds
proof verifies
Proof verification costs 5.304399 seconds
Tag generation costs 100.976948 seconds
Proof generation costs 0.250134 seconds
proof verifies
Proof verification costs 5.320819 seconds
Tag generation costs 100.945776 seconds
Proof generation costs 0.244062 seconds
proof verifies
Proof verification costs 5.308335 seconds
Tag generation costs 100.974775 seconds
Proof generation costs 0.246444 seconds
proof verifies
Proof verification costs 5.316806 seconds
Tag generation costs 101.054640 seconds
Proof generation costs 0.243282 seconds
proof verifies
Proof verification costs 5.292791 seconds
Tag generation costs 100.995688 seconds
Proof generation costs 0.247250 seconds
proof verifies
Proof verification costs 5.351263 seconds
Tag generation costs 100.537890 seconds
Proof generation costs 0.245670 seconds
proof verifies
Proof verification costs 5.327081 seconds
Tag generation costs 100.768758 seconds
Proof generation costs 0.250665 seconds
proof verifies
Proof verification costs 5.316640 seconds
8
Tag generation costs 114.694372 seconds
Proof generation costs 0.244190 seconds
proof verifies
Proof verification costs 6.012490 seconds
Tag generation costs 115.550187 seconds
Proof generation costs 0.247843 seconds
proof verifies
Proof verification costs 6.057346 seconds
Tag generation costs 115.389638 seconds
Proof generation costs 0.252230 seconds
proof verifies
Proof verification costs 6.050885 seconds
Tag generation costs 115.787459 seconds
Proof generation costs 0.248218 seconds
proof verifies
Proof verification costs 6.038131 seconds
Tag generation costs 115.794012 seconds
Proof generation costs 0.243168 seconds
proof verifies
Proof verification costs 6.045258 seconds
Tag generation costs 115.532097 seconds
Proof generation costs 0.265073 seconds
proof verifies
Proof verification costs 6.064895 seconds
Tag generation costs 115.445418 seconds
Proof generation costs 0.250203 seconds
proof verifies
Proof verification costs 6.124437 seconds
Tag generation costs 115.741293 seconds
Proof generation costs 0.251968 seconds
proof verifies
Proof verification costs 6.072269 seconds
Tag generation costs 115.389982 seconds
Proof generation costs 0.242886 seconds
proof verifies
Proof verification costs 6.046019 seconds
Tag generation costs 116.541146 seconds
Proof generation costs 0.241517 seconds
proof verifies
Proof verification costs 6.014532 seconds
