200
Settings:
File size: 2726297600 Byte (2662400 KB, 2600 MB). 
13 CSPs(Components).
Component size: 209715200 Byte (204800 KB, 200 MB), Block size: 4096 Byte
There are 51200 blocks in a component, challenging 200 of them.

0.280887 seconds in Partial Proofs Generation.
0.000006 seconds in Complete Proofs Generation.
All the components are constant.
0.000003 seconds in Verification.
Settings:
File size: 2726297600 Byte (2662400 KB, 2600 MB). 
13 CSPs(Components).
Component size: 209715200 Byte (204800 KB, 200 MB), Block size: 4096 Byte
There are 51200 blocks in a component, challenging 200 of them.

0.290901 seconds in Partial Proofs Generation.
0.000007 seconds in Complete Proofs Generation.
All the components are constant.
0.000003 seconds in Verification.
Settings:
File size: 2726297600 Byte (2662400 KB, 2600 MB). 
13 CSPs(Components).
Component size: 209715200 Byte (204800 KB, 200 MB), Block size: 4096 Byte
There are 51200 blocks in a component, challenging 200 of them.

0.281135 seconds in Partial Proofs Generation.
0.000007 seconds in Complete Proofs Generation.
All the components are constant.
0.000003 seconds in Verification.
Settings:
File size: 2726297600 Byte (2662400 KB, 2600 MB). 
13 CSPs(Components).
Component size: 209715200 Byte (204800 KB, 200 MB), Block size: 4096 Byte
There are 51200 blocks in a component, challenging 200 of them.

0.285071 seconds in Partial Proofs Generation.
0.000007 seconds in Complete Proofs Generation.
All the components are constant.
0.000003 seconds in Verification.
Settings:
File size: 2726297600 Byte (2662400 KB, 2600 MB). 
13 CSPs(Components).
Component size: 209715200 Byte (204800 KB, 200 MB), Block size: 4096 Byte
There are 51200 blocks in a component, challenging 200 of them.

0.279317 seconds in Partial Proofs Generation.
0.000007 seconds in Complete Proofs Generation.
All the components are constant.
0.000003 seconds in Verification.
Settings:
File size: 2726297600 Byte (2662400 KB, 2600 MB). 
13 CSPs(Components).
Component size: 209715200 Byte (204800 KB, 200 MB), Block size: 4096 Byte
There are 51200 blocks in a component, challenging 200 of them.

0.276927 seconds in Partial Proofs Generation.
0.000006 seconds in Complete Proofs Generation.
All the components are constant.
0.000003 seconds in Verification.
Settings:
File size: 2726297600 Byte (2662400 KB, 2600 MB). 
13 CSPs(Components).
Component size: 209715200 Byte (204800 KB, 200 MB), Block size: 4096 Byte
There are 51200 blocks in a component, challenging 200 of them.

0.270968 seconds in Partial Proofs Generation.
0.000006 seconds in Complete Proofs Generation.
All the components are constant.
0.000003 seconds in Verification.
Settings:
File size: 2726297600 Byte (2662400 KB, 2600 MB). 
13 CSPs(Components).
Component size: 209715200 Byte (204800 KB, 200 MB), Block size: 4096 Byte
There are 51200 blocks in a component, challenging 200 of them.

0.275941 seconds in Partial Proofs Generation.
0.000007 seconds in Complete Proofs Generation.
All the components are constant.
0.000003 seconds in Verification.
Settings:
File size: 2726297600 Byte (2662400 KB, 2600 MB). 
13 CSPs(Components).
Component size: 209715200 Byte (204800 KB, 200 MB), Block size: 4096 Byte
There are 51200 blocks in a component, challenging 200 of them.

0.277295 seconds in Partial Proofs Generation.
0.000007 seconds in Complete Proofs Generation.
All the components are constant.
0.000003 seconds in Verification.
Settings:
File size: 2726297600 Byte (2662400 KB, 2600 MB). 
13 CSPs(Components).
Component size: 209715200 Byte (204800 KB, 200 MB), Block size: 4096 Byte
There are 51200 blocks in a component, challenging 200 of them.

0.266948 seconds in Partial Proofs Generation.
0.000006 seconds in Complete Proofs Generation.
All the components are constant.
0.000003 seconds in Verification.
300
Settings:
File size: 2726297600 Byte (2662400 KB, 2600 MB). 
13 CSPs(Components).
Component size: 209715200 Byte (204800 KB, 200 MB), Block size: 4096 Byte
There are 51200 blocks in a component, challenging 300 of them.

0.412022 seconds in Partial Proofs Generation.
0.000006 seconds in Complete Proofs Generation.
All the components are constant.
0.000003 seconds in Verification.
Settings:
File size: 2726297600 Byte (2662400 KB, 2600 MB). 
13 CSPs(Components).
Component size: 209715200 Byte (204800 KB, 200 MB), Block size: 4096 Byte
There are 51200 blocks in a component, challenging 300 of them.

0.419977 seconds in Partial Proofs Generation.
0.000007 seconds in Complete Proofs Generation.
All the components are constant.
0.000003 seconds in Verification.
Settings:
File size: 2726297600 Byte (2662400 KB, 2600 MB). 
13 CSPs(Components).
Component size: 209715200 Byte (204800 KB, 200 MB), Block size: 4096 Byte
There are 51200 blocks in a component, challenging 300 of them.

0.403542 seconds in Partial Proofs Generation.
0.000007 seconds in Complete Proofs Generation.
All the components are constant.
0.000003 seconds in Verification.
Settings:
File size: 2726297600 Byte (2662400 KB, 2600 MB). 
13 CSPs(Components).
Component size: 209715200 Byte (204800 KB, 200 MB), Block size: 4096 Byte
There are 51200 blocks in a component, challenging 300 of them.

0.417118 seconds in Partial Proofs Generation.
0.000007 seconds in Complete Proofs Generation.
All the components are constant.
0.000003 seconds in Verification.
Settings:
File size: 2726297600 Byte (2662400 KB, 2600 MB). 
13 CSPs(Components).
Component size: 209715200 Byte (204800 KB, 200 MB), Block size: 4096 Byte
There are 51200 blocks in a component, challenging 300 of them.

0.404859 seconds in Partial Proofs Generation.
0.000007 seconds in Complete Proofs Generation.
All the components are constant.
0.000003 seconds in Verification.
Settings:
File size: 2726297600 Byte (2662400 KB, 2600 MB). 
13 CSPs(Components).
Component size: 209715200 Byte (204800 KB, 200 MB), Block size: 4096 Byte
There are 51200 blocks in a component, challenging 300 of them.

0.463017 seconds in Partial Proofs Generation.
0.000007 seconds in Complete Proofs Generation.
All the components are constant.
0.000004 seconds in Verification.
Settings:
File size: 2726297600 Byte (2662400 KB, 2600 MB). 
13 CSPs(Components).
Component size: 209715200 Byte (204800 KB, 200 MB), Block size: 4096 Byte
There are 51200 blocks in a component, challenging 300 of them.

0.482884 seconds in Partial Proofs Generation.
0.000007 seconds in Complete Proofs Generation.
All the components are constant.
0.000003 seconds in Verification.
Settings:
File size: 2726297600 Byte (2662400 KB, 2600 MB). 
13 CSPs(Components).
Component size: 209715200 Byte (204800 KB, 200 MB), Block size: 4096 Byte
There are 51200 blocks in a component, challenging 300 of them.

0.539440 seconds in Partial Proofs Generation.
0.000010 seconds in Complete Proofs Generation.
All the components are constant.
0.000005 seconds in Verification.
Settings:
File size: 2726297600 Byte (2662400 KB, 2600 MB). 
13 CSPs(Components).
Component size: 209715200 Byte (204800 KB, 200 MB), Block size: 4096 Byte
There are 51200 blocks in a component, challenging 300 of them.

0.433072 seconds in Partial Proofs Generation.
0.000007 seconds in Complete Proofs Generation.
All the components are constant.
0.000003 seconds in Verification.
Settings:
File size: 2726297600 Byte (2662400 KB, 2600 MB). 
13 CSPs(Components).
Component size: 209715200 Byte (204800 KB, 200 MB), Block size: 4096 Byte
There are 51200 blocks in a component, challenging 300 of them.

0.426015 seconds in Partial Proofs Generation.
0.000013 seconds in Complete Proofs Generation.
All the components are constant.
0.000005 seconds in Verification.
400
Settings:
File size: 2726297600 Byte (2662400 KB, 2600 MB). 
13 CSPs(Components).
Component size: 209715200 Byte (204800 KB, 200 MB), Block size: 4096 Byte
There are 51200 blocks in a component, challenging 400 of them.

0.586120 seconds in Partial Proofs Generation.
0.000007 seconds in Complete Proofs Generation.
All the components are constant.
0.000003 seconds in Verification.
Settings:
File size: 2726297600 Byte (2662400 KB, 2600 MB). 
13 CSPs(Components).
Component size: 209715200 Byte (204800 KB, 200 MB), Block size: 4096 Byte
There are 51200 blocks in a component, challenging 400 of them.

0.565812 seconds in Partial Proofs Generation.
0.000007 seconds in Complete Proofs Generation.
All the components are constant.
0.000003 seconds in Verification.
Settings:
File size: 2726297600 Byte (2662400 KB, 2600 MB). 
13 CSPs(Components).
Component size: 209715200 Byte (204800 KB, 200 MB), Block size: 4096 Byte
There are 51200 blocks in a component, challenging 400 of them.

0.577176 seconds in Partial Proofs Generation.
0.000006 seconds in Complete Proofs Generation.
All the components are constant.
0.000003 seconds in Verification.
Settings:
File size: 2726297600 Byte (2662400 KB, 2600 MB). 
13 CSPs(Components).
Component size: 209715200 Byte (204800 KB, 200 MB), Block size: 4096 Byte
There are 51200 blocks in a component, challenging 400 of them.

0.580080 seconds in Partial Proofs Generation.
0.000007 seconds in Complete Proofs Generation.
All the components are constant.
0.000003 seconds in Verification.
Settings:
File size: 2726297600 Byte (2662400 KB, 2600 MB). 
13 CSPs(Components).
Component size: 209715200 Byte (204800 KB, 200 MB), Block size: 4096 Byte
There are 51200 blocks in a component, challenging 400 of them.

0.577250 seconds in Partial Proofs Generation.
0.000007 seconds in Complete Proofs Generation.
All the components are constant.
0.000003 seconds in Verification.
Settings:
File size: 2726297600 Byte (2662400 KB, 2600 MB). 
13 CSPs(Components).
Component size: 209715200 Byte (204800 KB, 200 MB), Block size: 4096 Byte
There are 51200 blocks in a component, challenging 400 of them.

0.574927 seconds in Partial Proofs Generation.
0.000007 seconds in Complete Proofs Generation.
All the components are constant.
0.000003 seconds in Verification.
Settings:
File size: 2726297600 Byte (2662400 KB, 2600 MB). 
13 CSPs(Components).
Component size: 209715200 Byte (204800 KB, 200 MB), Block size: 4096 Byte
There are 51200 blocks in a component, challenging 400 of them.

0.576341 seconds in Partial Proofs Generation.
0.000007 seconds in Complete Proofs Generation.
All the components are constant.
0.000003 seconds in Verification.
Settings:
File size: 2726297600 Byte (2662400 KB, 2600 MB). 
13 CSPs(Components).
Component size: 209715200 Byte (204800 KB, 200 MB), Block size: 4096 Byte
There are 51200 blocks in a component, challenging 400 of them.

0.599008 seconds in Partial Proofs Generation.
0.000006 seconds in Complete Proofs Generation.
All the components are constant.
0.000003 seconds in Verification.
Settings:
File size: 2726297600 Byte (2662400 KB, 2600 MB). 
13 CSPs(Components).
Component size: 209715200 Byte (204800 KB, 200 MB), Block size: 4096 Byte
There are 51200 blocks in a component, challenging 400 of them.

0.587650 seconds in Partial Proofs Generation.
0.000006 seconds in Complete Proofs Generation.
All the components are constant.
0.000003 seconds in Verification.
Settings:
File size: 2726297600 Byte (2662400 KB, 2600 MB). 
13 CSPs(Components).
Component size: 209715200 Byte (204800 KB, 200 MB), Block size: 4096 Byte
There are 51200 blocks in a component, challenging 400 of them.

0.569084 seconds in Partial Proofs Generation.
0.000007 seconds in Complete Proofs Generation.
All the components are constant.
0.000003 seconds in Verification.
500
Settings:
File size: 2726297600 Byte (2662400 KB, 2600 MB). 
13 CSPs(Components).
Component size: 209715200 Byte (204800 KB, 200 MB), Block size: 4096 Byte
There are 51200 blocks in a component, challenging 500 of them.

0.727360 seconds in Partial Proofs Generation.
0.000006 seconds in Complete Proofs Generation.
All the components are constant.
0.000003 seconds in Verification.
Settings:
File size: 2726297600 Byte (2662400 KB, 2600 MB). 
13 CSPs(Components).
Component size: 209715200 Byte (204800 KB, 200 MB), Block size: 4096 Byte
There are 51200 blocks in a component, challenging 500 of them.

0.695823 seconds in Partial Proofs Generation.
0.000006 seconds in Complete Proofs Generation.
All the components are constant.
0.000003 seconds in Verification.
Settings:
File size: 2726297600 Byte (2662400 KB, 2600 MB). 
13 CSPs(Components).
Component size: 209715200 Byte (204800 KB, 200 MB), Block size: 4096 Byte
There are 51200 blocks in a component, challenging 500 of them.

0.711402 seconds in Partial Proofs Generation.
0.000006 seconds in Complete Proofs Generation.
All the components are constant.
0.000003 seconds in Verification.
Settings:
File size: 2726297600 Byte (2662400 KB, 2600 MB). 
13 CSPs(Components).
Component size: 209715200 Byte (204800 KB, 200 MB), Block size: 4096 Byte
There are 51200 blocks in a component, challenging 500 of them.

0.719974 seconds in Partial Proofs Generation.
0.000007 seconds in Complete Proofs Generation.
All the components are constant.
0.000003 seconds in Verification.
Settings:
File size: 2726297600 Byte (2662400 KB, 2600 MB). 
13 CSPs(Components).
Component size: 209715200 Byte (204800 KB, 200 MB), Block size: 4096 Byte
There are 51200 blocks in a component, challenging 500 of them.

0.735218 seconds in Partial Proofs Generation.
0.000012 seconds in Complete Proofs Generation.
All the components are constant.
0.000005 seconds in Verification.
Settings:
File size: 2726297600 Byte (2662400 KB, 2600 MB). 
13 CSPs(Components).
Component size: 209715200 Byte (204800 KB, 200 MB), Block size: 4096 Byte
There are 51200 blocks in a component, challenging 500 of them.

0.745762 seconds in Partial Proofs Generation.
0.000007 seconds in Complete Proofs Generation.
All the components are constant.
0.000003 seconds in Verification.
Settings:
File size: 2726297600 Byte (2662400 KB, 2600 MB). 
13 CSPs(Components).
Component size: 209715200 Byte (204800 KB, 200 MB), Block size: 4096 Byte
There are 51200 blocks in a component, challenging 500 of them.

0.753931 seconds in Partial Proofs Generation.
0.000007 seconds in Complete Proofs Generation.
All the components are constant.
0.000003 seconds in Verification.
Settings:
File size: 2726297600 Byte (2662400 KB, 2600 MB). 
13 CSPs(Components).
Component size: 209715200 Byte (204800 KB, 200 MB), Block size: 4096 Byte
There are 51200 blocks in a component, challenging 500 of them.

0.768934 seconds in Partial Proofs Generation.
0.000007 seconds in Complete Proofs Generation.
All the components are constant.
0.000003 seconds in Verification.
Settings:
File size: 2726297600 Byte (2662400 KB, 2600 MB). 
13 CSPs(Components).
Component size: 209715200 Byte (204800 KB, 200 MB), Block size: 4096 Byte
There are 51200 blocks in a component, challenging 500 of them.

0.720199 seconds in Partial Proofs Generation.
0.000006 seconds in Complete Proofs Generation.
All the components are constant.
0.000003 seconds in Verification.
Settings:
File size: 2726297600 Byte (2662400 KB, 2600 MB). 
13 CSPs(Components).
Component size: 209715200 Byte (204800 KB, 200 MB), Block size: 4096 Byte
There are 51200 blocks in a component, challenging 500 of them.

0.729301 seconds in Partial Proofs Generation.
0.000007 seconds in Complete Proofs Generation.
All the components are constant.
0.000003 seconds in Verification.
600
Settings:
File size: 2726297600 Byte (2662400 KB, 2600 MB). 
13 CSPs(Components).
Component size: 209715200 Byte (204800 KB, 200 MB), Block size: 4096 Byte
There are 51200 blocks in a component, challenging 600 of them.

0.921277 seconds in Partial Proofs Generation.
0.000007 seconds in Complete Proofs Generation.
All the components are constant.
0.000003 seconds in Verification.
Settings:
File size: 2726297600 Byte (2662400 KB, 2600 MB). 
13 CSPs(Components).
Component size: 209715200 Byte (204800 KB, 200 MB), Block size: 4096 Byte
There are 51200 blocks in a component, challenging 600 of them.

0.876471 seconds in Partial Proofs Generation.
0.000006 seconds in Complete Proofs Generation.
All the components are constant.
0.000003 seconds in Verification.
Settings:
File size: 2726297600 Byte (2662400 KB, 2600 MB). 
13 CSPs(Components).
Component size: 209715200 Byte (204800 KB, 200 MB), Block size: 4096 Byte
There are 51200 blocks in a component, challenging 600 of them.

0.845721 seconds in Partial Proofs Generation.
0.000006 seconds in Complete Proofs Generation.
All the components are constant.
0.000003 seconds in Verification.
Settings:
File size: 2726297600 Byte (2662400 KB, 2600 MB). 
13 CSPs(Components).
Component size: 209715200 Byte (204800 KB, 200 MB), Block size: 4096 Byte
There are 51200 blocks in a component, challenging 600 of them.

0.874932 seconds in Partial Proofs Generation.
0.000007 seconds in Complete Proofs Generation.
All the components are constant.
0.000003 seconds in Verification.
Settings:
File size: 2726297600 Byte (2662400 KB, 2600 MB). 
13 CSPs(Components).
Component size: 209715200 Byte (204800 KB, 200 MB), Block size: 4096 Byte
There are 51200 blocks in a component, challenging 600 of them.

0.835636 seconds in Partial Proofs Generation.
0.000006 seconds in Complete Proofs Generation.
All the components are constant.
0.000003 seconds in Verification.
Settings:
File size: 2726297600 Byte (2662400 KB, 2600 MB). 
13 CSPs(Components).
Component size: 209715200 Byte (204800 KB, 200 MB), Block size: 4096 Byte
There are 51200 blocks in a component, challenging 600 of them.

0.864511 seconds in Partial Proofs Generation.
0.000006 seconds in Complete Proofs Generation.
All the components are constant.
0.000003 seconds in Verification.
Settings:
File size: 2726297600 Byte (2662400 KB, 2600 MB). 
13 CSPs(Components).
Component size: 209715200 Byte (204800 KB, 200 MB), Block size: 4096 Byte
There are 51200 blocks in a component, challenging 600 of them.

0.932961 seconds in Partial Proofs Generation.
0.000013 seconds in Complete Proofs Generation.
All the components are constant.
0.000005 seconds in Verification.
Settings:
File size: 2726297600 Byte (2662400 KB, 2600 MB). 
13 CSPs(Components).
Component size: 209715200 Byte (204800 KB, 200 MB), Block size: 4096 Byte
There are 51200 blocks in a component, challenging 600 of them.

0.871091 seconds in Partial Proofs Generation.
0.000007 seconds in Complete Proofs Generation.
All the components are constant.
0.000003 seconds in Verification.
Settings:
File size: 2726297600 Byte (2662400 KB, 2600 MB). 
13 CSPs(Components).
Component size: 209715200 Byte (204800 KB, 200 MB), Block size: 4096 Byte
There are 51200 blocks in a component, challenging 600 of them.

0.890814 seconds in Partial Proofs Generation.
0.000007 seconds in Complete Proofs Generation.
All the components are constant.
0.000003 seconds in Verification.
Settings:
File size: 2726297600 Byte (2662400 KB, 2600 MB). 
13 CSPs(Components).
Component size: 209715200 Byte (204800 KB, 200 MB), Block size: 4096 Byte
There are 51200 blocks in a component, challenging 600 of them.

0.942069 seconds in Partial Proofs Generation.
0.000007 seconds in Complete Proofs Generation.
All the components are constant.
0.000004 seconds in Verification.
700
Settings:
File size: 2726297600 Byte (2662400 KB, 2600 MB). 
13 CSPs(Components).
Component size: 209715200 Byte (204800 KB, 200 MB), Block size: 4096 Byte
There are 51200 blocks in a component, challenging 700 of them.

1.056284 seconds in Partial Proofs Generation.
0.000007 seconds in Complete Proofs Generation.
All the components are constant.
0.000003 seconds in Verification.
Settings:
File size: 2726297600 Byte (2662400 KB, 2600 MB). 
13 CSPs(Components).
Component size: 209715200 Byte (204800 KB, 200 MB), Block size: 4096 Byte
There are 51200 blocks in a component, challenging 700 of them.

1.050575 seconds in Partial Proofs Generation.
0.000007 seconds in Complete Proofs Generation.
All the components are constant.
0.000003 seconds in Verification.
Settings:
File size: 2726297600 Byte (2662400 KB, 2600 MB). 
13 CSPs(Components).
Component size: 209715200 Byte (204800 KB, 200 MB), Block size: 4096 Byte
There are 51200 blocks in a component, challenging 700 of them.

1.028322 seconds in Partial Proofs Generation.
0.000006 seconds in Complete Proofs Generation.
All the components are constant.
0.000003 seconds in Verification.
Settings:
File size: 2726297600 Byte (2662400 KB, 2600 MB). 
13 CSPs(Components).
Component size: 209715200 Byte (204800 KB, 200 MB), Block size: 4096 Byte
There are 51200 blocks in a component, challenging 700 of them.

1.033454 seconds in Partial Proofs Generation.
0.000008 seconds in Complete Proofs Generation.
All the components are constant.
0.000003 seconds in Verification.
Settings:
File size: 2726297600 Byte (2662400 KB, 2600 MB). 
13 CSPs(Components).
Component size: 209715200 Byte (204800 KB, 200 MB), Block size: 4096 Byte
There are 51200 blocks in a component, challenging 700 of them.

1.035334 seconds in Partial Proofs Generation.
0.000008 seconds in Complete Proofs Generation.
All the components are constant.
0.000003 seconds in Verification.
Settings:
File size: 2726297600 Byte (2662400 KB, 2600 MB). 
13 CSPs(Components).
Component size: 209715200 Byte (204800 KB, 200 MB), Block size: 4096 Byte
There are 51200 blocks in a component, challenging 700 of them.

1.047117 seconds in Partial Proofs Generation.
0.000008 seconds in Complete Proofs Generation.
All the components are constant.
0.000003 seconds in Verification.
Settings:
File size: 2726297600 Byte (2662400 KB, 2600 MB). 
13 CSPs(Components).
Component size: 209715200 Byte (204800 KB, 200 MB), Block size: 4096 Byte
There are 51200 blocks in a component, challenging 700 of them.

1.038817 seconds in Partial Proofs Generation.
0.000007 seconds in Complete Proofs Generation.
All the components are constant.
0.000003 seconds in Verification.
Settings:
File size: 2726297600 Byte (2662400 KB, 2600 MB). 
13 CSPs(Components).
Component size: 209715200 Byte (204800 KB, 200 MB), Block size: 4096 Byte
There are 51200 blocks in a component, challenging 700 of them.

1.040665 seconds in Partial Proofs Generation.
0.000008 seconds in Complete Proofs Generation.
All the components are constant.
0.000008 seconds in Verification.
Settings:
File size: 2726297600 Byte (2662400 KB, 2600 MB). 
13 CSPs(Components).
Component size: 209715200 Byte (204800 KB, 200 MB), Block size: 4096 Byte
There are 51200 blocks in a component, challenging 700 of them.

1.028403 seconds in Partial Proofs Generation.
0.000012 seconds in Complete Proofs Generation.
All the components are constant.
0.000005 seconds in Verification.
Settings:
File size: 2726297600 Byte (2662400 KB, 2600 MB). 
13 CSPs(Components).
Component size: 209715200 Byte (204800 KB, 200 MB), Block size: 4096 Byte
There are 51200 blocks in a component, challenging 700 of them.

1.048266 seconds in Partial Proofs Generation.
0.000008 seconds in Complete Proofs Generation.
All the components are constant.
0.000003 seconds in Verification.
800
Settings:
File size: 2726297600 Byte (2662400 KB, 2600 MB). 
13 CSPs(Components).
Component size: 209715200 Byte (204800 KB, 200 MB), Block size: 4096 Byte
There are 51200 blocks in a component, challenging 800 of them.

1.221794 seconds in Partial Proofs Generation.
0.000008 seconds in Complete Proofs Generation.
All the components are constant.
0.000003 seconds in Verification.
Settings:
File size: 2726297600 Byte (2662400 KB, 2600 MB). 
13 CSPs(Components).
Component size: 209715200 Byte (204800 KB, 200 MB), Block size: 4096 Byte
There are 51200 blocks in a component, challenging 800 of them.

1.154164 seconds in Partial Proofs Generation.
0.000009 seconds in Complete Proofs Generation.
All the components are constant.
0.000003 seconds in Verification.
Settings:
File size: 2726297600 Byte (2662400 KB, 2600 MB). 
13 CSPs(Components).
Component size: 209715200 Byte (204800 KB, 200 MB), Block size: 4096 Byte
There are 51200 blocks in a component, challenging 800 of them.

1.200311 seconds in Partial Proofs Generation.
0.000007 seconds in Complete Proofs Generation.
All the components are constant.
0.000004 seconds in Verification.
Settings:
File size: 2726297600 Byte (2662400 KB, 2600 MB). 
13 CSPs(Components).
Component size: 209715200 Byte (204800 KB, 200 MB), Block size: 4096 Byte
There are 51200 blocks in a component, challenging 800 of them.

1.206819 seconds in Partial Proofs Generation.
0.000008 seconds in Complete Proofs Generation.
All the components are constant.
0.000003 seconds in Verification.
Settings:
File size: 2726297600 Byte (2662400 KB, 2600 MB). 
13 CSPs(Components).
Component size: 209715200 Byte (204800 KB, 200 MB), Block size: 4096 Byte
There are 51200 blocks in a component, challenging 800 of them.

1.185526 seconds in Partial Proofs Generation.
0.000007 seconds in Complete Proofs Generation.
All the components are constant.
0.000003 seconds in Verification.
Settings:
File size: 2726297600 Byte (2662400 KB, 2600 MB). 
13 CSPs(Components).
Component size: 209715200 Byte (204800 KB, 200 MB), Block size: 4096 Byte
There are 51200 blocks in a component, challenging 800 of them.

1.192868 seconds in Partial Proofs Generation.
0.000006 seconds in Complete Proofs Generation.
All the components are constant.
0.000004 seconds in Verification.
Settings:
File size: 2726297600 Byte (2662400 KB, 2600 MB). 
13 CSPs(Components).
Component size: 209715200 Byte (204800 KB, 200 MB), Block size: 4096 Byte
There are 51200 blocks in a component, challenging 800 of them.

1.206533 seconds in Partial Proofs Generation.
0.000007 seconds in Complete Proofs Generation.
All the components are constant.
0.000003 seconds in Verification.
Settings:
File size: 2726297600 Byte (2662400 KB, 2600 MB). 
13 CSPs(Components).
Component size: 209715200 Byte (204800 KB, 200 MB), Block size: 4096 Byte
There are 51200 blocks in a component, challenging 800 of them.

1.157386 seconds in Partial Proofs Generation.
0.000007 seconds in Complete Proofs Generation.
All the components are constant.
0.000003 seconds in Verification.
Settings:
File size: 2726297600 Byte (2662400 KB, 2600 MB). 
13 CSPs(Components).
Component size: 209715200 Byte (204800 KB, 200 MB), Block size: 4096 Byte
There are 51200 blocks in a component, challenging 800 of them.

1.286251 seconds in Partial Proofs Generation.
0.000006 seconds in Complete Proofs Generation.
All the components are constant.
0.000003 seconds in Verification.
Settings:
File size: 2726297600 Byte (2662400 KB, 2600 MB). 
13 CSPs(Components).
Component size: 209715200 Byte (204800 KB, 200 MB), Block size: 4096 Byte
There are 51200 blocks in a component, challenging 800 of them.

1.125410 seconds in Partial Proofs Generation.
0.000007 seconds in Complete Proofs Generation.
All the components are constant.
0.000003 seconds in Verification.
900
Settings:
File size: 2726297600 Byte (2662400 KB, 2600 MB). 
13 CSPs(Components).
Component size: 209715200 Byte (204800 KB, 200 MB), Block size: 4096 Byte
There are 51200 blocks in a component, challenging 900 of them.

1.374861 seconds in Partial Proofs Generation.
0.000008 seconds in Complete Proofs Generation.
All the components are constant.
0.000003 seconds in Verification.
Settings:
File size: 2726297600 Byte (2662400 KB, 2600 MB). 
13 CSPs(Components).
Component size: 209715200 Byte (204800 KB, 200 MB), Block size: 4096 Byte
There are 51200 blocks in a component, challenging 900 of them.

1.295845 seconds in Partial Proofs Generation.
0.000007 seconds in Complete Proofs Generation.
All the components are constant.
0.000003 seconds in Verification.
Settings:
File size: 2726297600 Byte (2662400 KB, 2600 MB). 
13 CSPs(Components).
Component size: 209715200 Byte (204800 KB, 200 MB), Block size: 4096 Byte
There are 51200 blocks in a component, challenging 900 of them.

1.351739 seconds in Partial Proofs Generation.
0.000006 seconds in Complete Proofs Generation.
All the components are constant.
0.000003 seconds in Verification.
Settings:
File size: 2726297600 Byte (2662400 KB, 2600 MB). 
13 CSPs(Components).
Component size: 209715200 Byte (204800 KB, 200 MB), Block size: 4096 Byte
There are 51200 blocks in a component, challenging 900 of them.

1.283971 seconds in Partial Proofs Generation.
0.000007 seconds in Complete Proofs Generation.
All the components are constant.
0.000003 seconds in Verification.
Settings:
File size: 2726297600 Byte (2662400 KB, 2600 MB). 
13 CSPs(Components).
Component size: 209715200 Byte (204800 KB, 200 MB), Block size: 4096 Byte
There are 51200 blocks in a component, challenging 900 of them.

1.323287 seconds in Partial Proofs Generation.
0.000007 seconds in Complete Proofs Generation.
All the components are constant.
0.000003 seconds in Verification.
Settings:
File size: 2726297600 Byte (2662400 KB, 2600 MB). 
13 CSPs(Components).
Component size: 209715200 Byte (204800 KB, 200 MB), Block size: 4096 Byte
There are 51200 blocks in a component, challenging 900 of them.

1.335767 seconds in Partial Proofs Generation.
0.000008 seconds in Complete Proofs Generation.
All the components are constant.
0.000003 seconds in Verification.
Settings:
File size: 2726297600 Byte (2662400 KB, 2600 MB). 
13 CSPs(Components).
Component size: 209715200 Byte (204800 KB, 200 MB), Block size: 4096 Byte
There are 51200 blocks in a component, challenging 900 of them.

1.340616 seconds in Partial Proofs Generation.
0.000008 seconds in Complete Proofs Generation.
All the components are constant.
0.000003 seconds in Verification.
Settings:
File size: 2726297600 Byte (2662400 KB, 2600 MB). 
13 CSPs(Components).
Component size: 209715200 Byte (204800 KB, 200 MB), Block size: 4096 Byte
There are 51200 blocks in a component, challenging 900 of them.

1.398626 seconds in Partial Proofs Generation.
0.000012 seconds in Complete Proofs Generation.
All the components are constant.
0.000005 seconds in Verification.
Settings:
File size: 2726297600 Byte (2662400 KB, 2600 MB). 
13 CSPs(Components).
Component size: 209715200 Byte (204800 KB, 200 MB), Block size: 4096 Byte
There are 51200 blocks in a component, challenging 900 of them.

1.379871 seconds in Partial Proofs Generation.
0.000008 seconds in Complete Proofs Generation.
All the components are constant.
0.000003 seconds in Verification.
Settings:
File size: 2726297600 Byte (2662400 KB, 2600 MB). 
13 CSPs(Components).
Component size: 209715200 Byte (204800 KB, 200 MB), Block size: 4096 Byte
There are 51200 blocks in a component, challenging 900 of them.

1.286121 seconds in Partial Proofs Generation.
0.000013 seconds in Complete Proofs Generation.
All the components are constant.
0.000005 seconds in Verification.
1000
Settings:
File size: 2726297600 Byte (2662400 KB, 2600 MB). 
13 CSPs(Components).
Component size: 209715200 Byte (204800 KB, 200 MB), Block size: 4096 Byte
There are 51200 blocks in a component, challenging 1000 of them.

1.486988 seconds in Partial Proofs Generation.
0.000008 seconds in Complete Proofs Generation.
All the components are constant.
0.000003 seconds in Verification.
Settings:
File size: 2726297600 Byte (2662400 KB, 2600 MB). 
13 CSPs(Components).
Component size: 209715200 Byte (204800 KB, 200 MB), Block size: 4096 Byte
There are 51200 blocks in a component, challenging 1000 of them.

1.468060 seconds in Partial Proofs Generation.
0.000008 seconds in Complete Proofs Generation.
All the components are constant.
0.000003 seconds in Verification.
Settings:
File size: 2726297600 Byte (2662400 KB, 2600 MB). 
13 CSPs(Components).
Component size: 209715200 Byte (204800 KB, 200 MB), Block size: 4096 Byte
There are 51200 blocks in a component, challenging 1000 of them.

1.559504 seconds in Partial Proofs Generation.
0.000007 seconds in Complete Proofs Generation.
All the components are constant.
0.000003 seconds in Verification.
Settings:
File size: 2726297600 Byte (2662400 KB, 2600 MB). 
13 CSPs(Components).
Component size: 209715200 Byte (204800 KB, 200 MB), Block size: 4096 Byte
There are 51200 blocks in a component, challenging 1000 of them.

1.497609 seconds in Partial Proofs Generation.
0.000008 seconds in Complete Proofs Generation.
All the components are constant.
0.000003 seconds in Verification.
Settings:
File size: 2726297600 Byte (2662400 KB, 2600 MB). 
13 CSPs(Components).
Component size: 209715200 Byte (204800 KB, 200 MB), Block size: 4096 Byte
There are 51200 blocks in a component, challenging 1000 of them.

1.513716 seconds in Partial Proofs Generation.
0.000008 seconds in Complete Proofs Generation.
All the components are constant.
0.000003 seconds in Verification.
Settings:
File size: 2726297600 Byte (2662400 KB, 2600 MB). 
13 CSPs(Components).
Component size: 209715200 Byte (204800 KB, 200 MB), Block size: 4096 Byte
There are 51200 blocks in a component, challenging 1000 of them.

1.425153 seconds in Partial Proofs Generation.
0.000008 seconds in Complete Proofs Generation.
All the components are constant.
0.000003 seconds in Verification.
Settings:
File size: 2726297600 Byte (2662400 KB, 2600 MB). 
13 CSPs(Components).
Component size: 209715200 Byte (204800 KB, 200 MB), Block size: 4096 Byte
There are 51200 blocks in a component, challenging 1000 of them.

1.485973 seconds in Partial Proofs Generation.
0.000013 seconds in Complete Proofs Generation.
All the components are constant.
0.000005 seconds in Verification.
Settings:
File size: 2726297600 Byte (2662400 KB, 2600 MB). 
13 CSPs(Components).
Component size: 209715200 Byte (204800 KB, 200 MB), Block size: 4096 Byte
There are 51200 blocks in a component, challenging 1000 of them.

1.477277 seconds in Partial Proofs Generation.
0.000008 seconds in Complete Proofs Generation.
All the components are constant.
0.000003 seconds in Verification.
Settings:
File size: 2726297600 Byte (2662400 KB, 2600 MB). 
13 CSPs(Components).
Component size: 209715200 Byte (204800 KB, 200 MB), Block size: 4096 Byte
There are 51200 blocks in a component, challenging 1000 of them.

1.481457 seconds in Partial Proofs Generation.
0.000008 seconds in Complete Proofs Generation.
All the components are constant.
0.000003 seconds in Verification.
Settings:
File size: 2726297600 Byte (2662400 KB, 2600 MB). 
13 CSPs(Components).
Component size: 209715200 Byte (204800 KB, 200 MB), Block size: 4096 Byte
There are 51200 blocks in a component, challenging 1000 of them.

1.468912 seconds in Partial Proofs Generation.
0.000008 seconds in Complete Proofs Generation.
All the components are constant.
0.000004 seconds in Verification.
